<?xml version="1.0" encoding="UTF-8"?>
<!-- Generated by org.testng.reporters.JUnitReportReporter -->
<testsuite hostname="Grigoris-iMac" failures="0" tests="1" name="tests.HomePageTest" time="7.096" errors="0" timestamp="2020-05-31T03:00:56 PDT" skipped="0">
  <testcase classname="tests.HomePageTest" name="openHomePage" time="7.096"/>
  <system-out/>
</testsuite> <!-- tests.HomePageTest -->
