<?xml version="1.0" encoding="UTF-8"?>
<testsuite xmlns:xsi="http://www.w3.org/2001/XMLSchema-instance" xsi:noNamespaceSchemaLocation="https://maven.apache.org/surefire/maven-surefire-plugin/xsd/surefire-test-report-3.0.xsd" version="3.0" name="tests.HomePageTest" time="7.531" tests="1" errors="0" skipped="0" failures="0">
  <properties>
    <property name="java.specification.version" value="13"/>
    <property name="webdriver.chrome.driver" value="/Users/tatiana/.m2/repository/webdriver/chromedriver/mac64/83.0.4103.39/chromedriver"/>
    <property name="sun.jnu.encoding" value="UTF-8"/>
    <property name="java.class.path" value="/Users/tatiana/Desktop/PROJECTS/OTUS/OTUS_02_REVISED_Homework_by_Tatiana_Khen/WebDriverFactoryProject/target/test-classes:/Users/tatiana/Desktop/PROJECTS/OTUS/OTUS_02_REVISED_Homework_by_Tatiana_Khen/WebDriverFactoryProject/target/classes:/Users/tatiana/.m2/repository/org/seleniumhq/selenium/selenium-java/3.141.59/selenium-java-3.141.59.jar:/Users/tatiana/.m2/repository/org/seleniumhq/selenium/selenium-api/3.141.59/selenium-api-3.141.59.jar:/Users/tatiana/.m2/repository/org/seleniumhq/selenium/selenium-chrome-driver/3.141.59/selenium-chrome-driver-3.141.59.jar:/Users/tatiana/.m2/repository/org/seleniumhq/selenium/selenium-edge-driver/3.141.59/selenium-edge-driver-3.141.59.jar:/Users/tatiana/.m2/repository/org/seleniumhq/selenium/selenium-firefox-driver/3.141.59/selenium-firefox-driver-3.141.59.jar:/Users/tatiana/.m2/repository/org/seleniumhq/selenium/selenium-ie-driver/3.141.59/selenium-ie-driver-3.141.59.jar:/Users/tatiana/.m2/repository/org/seleniumhq/selenium/selenium-opera-driver/3.141.59/selenium-opera-driver-3.141.59.jar:/Users/tatiana/.m2/repository/org/seleniumhq/selenium/selenium-remote-driver/3.141.59/selenium-remote-driver-3.141.59.jar:/Users/tatiana/.m2/repository/org/seleniumhq/selenium/selenium-safari-driver/3.141.59/selenium-safari-driver-3.141.59.jar:/Users/tatiana/.m2/repository/org/seleniumhq/selenium/selenium-support/3.141.59/selenium-support-3.141.59.jar:/Users/tatiana/.m2/repository/net/bytebuddy/byte-buddy/1.8.15/byte-buddy-1.8.15.jar:/Users/tatiana/.m2/repository/org/apache/commons/commons-exec/1.3/commons-exec-1.3.jar:/Users/tatiana/.m2/repository/com/google/guava/guava/25.0-jre/guava-25.0-jre.jar:/Users/tatiana/.m2/repository/com/google/code/findbugs/jsr305/1.3.9/jsr305-1.3.9.jar:/Users/tatiana/.m2/repository/org/checkerframework/checker-compat-qual/2.0.0/checker-compat-qual-2.0.0.jar:/Users/tatiana/.m2/repository/com/google/errorprone/error_prone_annotations/2.1.3/error_prone_annotations-2.1.3.jar:/Users/tatiana/.m2/repository/com/google/j2objc/j2objc-annotations/1.1/j2objc-annotations-1.1.jar:/Users/tatiana/.m2/repository/org/codehaus/mojo/animal-sniffer-annotations/1.14/animal-sniffer-annotations-1.14.jar:/Users/tatiana/.m2/repository/com/squareup/okhttp3/okhttp/3.11.0/okhttp-3.11.0.jar:/Users/tatiana/.m2/repository/com/squareup/okio/okio/1.14.0/okio-1.14.0.jar:/Users/tatiana/.m2/repository/io/github/bonigarcia/webdrivermanager/3.7.1/webdrivermanager-3.7.1.jar:/Users/tatiana/.m2/repository/org/slf4j/slf4j-api/1.7.25/slf4j-api-1.7.25.jar:/Users/tatiana/.m2/repository/commons-io/commons-io/2.6/commons-io-2.6.jar:/Users/tatiana/.m2/repository/com/google/code/gson/gson/2.8.5/gson-2.8.5.jar:/Users/tatiana/.m2/repository/org/apache/commons/commons-lang3/3.8.1/commons-lang3-3.8.1.jar:/Users/tatiana/.m2/repository/org/apache/httpcomponents/httpclient/4.5.6/httpclient-4.5.6.jar:/Users/tatiana/.m2/repository/org/apache/httpcomponents/httpcore/4.4.10/httpcore-4.4.10.jar:/Users/tatiana/.m2/repository/commons-logging/commons-logging/1.2/commons-logging-1.2.jar:/Users/tatiana/.m2/repository/commons-codec/commons-codec/1.10/commons-codec-1.10.jar:/Users/tatiana/.m2/repository/org/rauschig/jarchivelib/1.0.0/jarchivelib-1.0.0.jar:/Users/tatiana/.m2/repository/org/apache/commons/commons-compress/1.18/commons-compress-1.18.jar:/Users/tatiana/.m2/repository/org/jsoup/jsoup/1.11.3/jsoup-1.11.3.jar:/Users/tatiana/.m2/repository/org/apache/logging/log4j/log4j-api/2.4.1/log4j-api-2.4.1.jar:/Users/tatiana/.m2/repository/org/apache/logging/log4j/log4j-core/2.4.1/log4j-core-2.4.1.jar:/Users/tatiana/.m2/repository/org/testng/testng/7.1.0/testng-7.1.0.jar:/Users/tatiana/.m2/repository/com/beust/jcommander/1.72/jcommander-1.72.jar:/Users/tatiana/.m2/repository/com/google/inject/guice/4.1.0/guice-4.1.0-no_aop.jar:/Users/tatiana/.m2/repository/javax/inject/javax.inject/1/javax.inject-1.jar:/Users/tatiana/.m2/repository/aopalliance/aopalliance/1.0/aopalliance-1.0.jar:/Users/tatiana/.m2/repository/org/yaml/snakeyaml/1.21/snakeyaml-1.21.jar:"/>
    <property name="java.vm.vendor" value="Oracle Corporation"/>
    <property name="sun.arch.data.model" value="64"/>
    <property name="java.vendor.url" value="https://openjdk.java.net/"/>
    <property name="user.timezone" value="America/Los_Angeles"/>
    <property name="os.name" value="Mac OS X"/>
    <property name="java.vm.specification.version" value="13"/>
    <property name="sun.java.launcher" value="SUN_STANDARD"/>
    <property name="user.country" value="US"/>
    <property name="sun.boot.library.path" value="/usr/local/Cellar/openjdk/13.0.2+8_2/libexec/openjdk.jdk/Contents/Home/lib"/>
    <property name="sun.java.command" value="/Users/tatiana/Desktop/PROJECTS/OTUS/OTUS_02_REVISED_Homework_by_Tatiana_Khen/WebDriverFactoryProject/target/surefire/surefirebooter6257219479846552309.jar /Users/tatiana/Desktop/PROJECTS/OTUS/OTUS_02_REVISED_Homework_by_Tatiana_Khen/WebDriverFactoryProject/target/surefire 2020-05-31T03-00-48_574-jvmRun1 surefire490581079237139440tmp surefire_011390311820024322682tmp"/>
    <property name="http.nonProxyHosts" value="local|*.local|169.254/16|*.169.254/16"/>
    <property name="jdk.debug" value="release"/>
    <property name="surefire.test.class.path" value="/Users/tatiana/Desktop/PROJECTS/OTUS/OTUS_02_REVISED_Homework_by_Tatiana_Khen/WebDriverFactoryProject/target/test-classes:/Users/tatiana/Desktop/PROJECTS/OTUS/OTUS_02_REVISED_Homework_by_Tatiana_Khen/WebDriverFactoryProject/target/classes:/Users/tatiana/.m2/repository/org/seleniumhq/selenium/selenium-java/3.141.59/selenium-java-3.141.59.jar:/Users/tatiana/.m2/repository/org/seleniumhq/selenium/selenium-api/3.141.59/selenium-api-3.141.59.jar:/Users/tatiana/.m2/repository/org/seleniumhq/selenium/selenium-chrome-driver/3.141.59/selenium-chrome-driver-3.141.59.jar:/Users/tatiana/.m2/repository/org/seleniumhq/selenium/selenium-edge-driver/3.141.59/selenium-edge-driver-3.141.59.jar:/Users/tatiana/.m2/repository/org/seleniumhq/selenium/selenium-firefox-driver/3.141.59/selenium-firefox-driver-3.141.59.jar:/Users/tatiana/.m2/repository/org/seleniumhq/selenium/selenium-ie-driver/3.141.59/selenium-ie-driver-3.141.59.jar:/Users/tatiana/.m2/repository/org/seleniumhq/selenium/selenium-opera-driver/3.141.59/selenium-opera-driver-3.141.59.jar:/Users/tatiana/.m2/repository/org/seleniumhq/selenium/selenium-remote-driver/3.141.59/selenium-remote-driver-3.141.59.jar:/Users/tatiana/.m2/repository/org/seleniumhq/selenium/selenium-safari-driver/3.141.59/selenium-safari-driver-3.141.59.jar:/Users/tatiana/.m2/repository/org/seleniumhq/selenium/selenium-support/3.141.59/selenium-support-3.141.59.jar:/Users/tatiana/.m2/repository/net/bytebuddy/byte-buddy/1.8.15/byte-buddy-1.8.15.jar:/Users/tatiana/.m2/repository/org/apache/commons/commons-exec/1.3/commons-exec-1.3.jar:/Users/tatiana/.m2/repository/com/google/guava/guava/25.0-jre/guava-25.0-jre.jar:/Users/tatiana/.m2/repository/com/google/code/findbugs/jsr305/1.3.9/jsr305-1.3.9.jar:/Users/tatiana/.m2/repository/org/checkerframework/checker-compat-qual/2.0.0/checker-compat-qual-2.0.0.jar:/Users/tatiana/.m2/repository/com/google/errorprone/error_prone_annotations/2.1.3/error_prone_annotations-2.1.3.jar:/Users/tatiana/.m2/repository/com/google/j2objc/j2objc-annotations/1.1/j2objc-annotations-1.1.jar:/Users/tatiana/.m2/repository/org/codehaus/mojo/animal-sniffer-annotations/1.14/animal-sniffer-annotations-1.14.jar:/Users/tatiana/.m2/repository/com/squareup/okhttp3/okhttp/3.11.0/okhttp-3.11.0.jar:/Users/tatiana/.m2/repository/com/squareup/okio/okio/1.14.0/okio-1.14.0.jar:/Users/tatiana/.m2/repository/io/github/bonigarcia/webdrivermanager/3.7.1/webdrivermanager-3.7.1.jar:/Users/tatiana/.m2/repository/org/slf4j/slf4j-api/1.7.25/slf4j-api-1.7.25.jar:/Users/tatiana/.m2/repository/commons-io/commons-io/2.6/commons-io-2.6.jar:/Users/tatiana/.m2/repository/com/google/code/gson/gson/2.8.5/gson-2.8.5.jar:/Users/tatiana/.m2/repository/org/apache/commons/commons-lang3/3.8.1/commons-lang3-3.8.1.jar:/Users/tatiana/.m2/repository/org/apache/httpcomponents/httpclient/4.5.6/httpclient-4.5.6.jar:/Users/tatiana/.m2/repository/org/apache/httpcomponents/httpcore/4.4.10/httpcore-4.4.10.jar:/Users/tatiana/.m2/repository/commons-logging/commons-logging/1.2/commons-logging-1.2.jar:/Users/tatiana/.m2/repository/commons-codec/commons-codec/1.10/commons-codec-1.10.jar:/Users/tatiana/.m2/repository/org/rauschig/jarchivelib/1.0.0/jarchivelib-1.0.0.jar:/Users/tatiana/.m2/repository/org/apache/commons/commons-compress/1.18/commons-compress-1.18.jar:/Users/tatiana/.m2/repository/org/jsoup/jsoup/1.11.3/jsoup-1.11.3.jar:/Users/tatiana/.m2/repository/org/apache/logging/log4j/log4j-api/2.4.1/log4j-api-2.4.1.jar:/Users/tatiana/.m2/repository/org/apache/logging/log4j/log4j-core/2.4.1/log4j-core-2.4.1.jar:/Users/tatiana/.m2/repository/org/testng/testng/7.1.0/testng-7.1.0.jar:/Users/tatiana/.m2/repository/com/beust/jcommander/1.72/jcommander-1.72.jar:/Users/tatiana/.m2/repository/com/google/inject/guice/4.1.0/guice-4.1.0-no_aop.jar:/Users/tatiana/.m2/repository/javax/inject/javax.inject/1/javax.inject-1.jar:/Users/tatiana/.m2/repository/aopalliance/aopalliance/1.0/aopalliance-1.0.jar:/Users/tatiana/.m2/repository/org/yaml/snakeyaml/1.21/snakeyaml-1.21.jar:"/>
    <property name="sun.cpu.endian" value="little"/>
    <property name="user.home" value="/Users/tatiana"/>
    <property name="user.language" value="en"/>
    <property name="java.specification.vendor" value="Oracle Corporation"/>
    <property name="java.version.date" value="2020-01-14"/>
    <property name="java.home" value="/usr/local/Cellar/openjdk/13.0.2+8_2/libexec/openjdk.jdk/Contents/Home"/>
    <property name="file.separator" value="/"/>
    <property name="basedir" value="/Users/tatiana/Desktop/PROJECTS/OTUS/OTUS_02_REVISED_Homework_by_Tatiana_Khen/WebDriverFactoryProject"/>
    <property name="java.vm.compressedOopsMode" value="Zero based"/>
    <property name="line.separator" value="&#10;"/>
    <property name="java.vm.specification.vendor" value="Oracle Corporation"/>
    <property name="java.specification.name" value="Java Platform API Specification"/>
    <property name="surefire.real.class.path" value="/Users/tatiana/Desktop/PROJECTS/OTUS/OTUS_02_REVISED_Homework_by_Tatiana_Khen/WebDriverFactoryProject/target/surefire/surefirebooter6257219479846552309.jar"/>
    <property name="sun.management.compiler" value="HotSpot 64-Bit Tiered Compilers"/>
    <property name="ftp.nonProxyHosts" value="local|*.local|169.254/16|*.169.254/16"/>
    <property name="java.runtime.version" value="13.0.2+8"/>
    <property name="user.name" value="tatiana"/>
    <property name="path.separator" value=":"/>
    <property name="os.version" value="10.15.3"/>
    <property name="java.runtime.name" value="OpenJDK Runtime Environment"/>
    <property name="file.encoding" value="UTF-8"/>
    <property name="browser" value="hea"/>
    <property name="java.vm.name" value="OpenJDK 64-Bit Server VM"/>
    <property name="localRepository" value="/Users/tatiana/.m2/repository"/>
    <property name="java.vendor.url.bug" value="https://bugreport.java.com/bugreport/"/>
    <property name="java.io.tmpdir" value="/var/folders/3k/mk1dp5312v9f8xhbw352jww00000gp/T/"/>
    <property name="java.version" value="13.0.2"/>
    <property name="user.dir" value="/Users/tatiana/Desktop/PROJECTS/OTUS/OTUS_02_REVISED_Homework_by_Tatiana_Khen/WebDriverFactoryProject"/>
    <property name="os.arch" value="x86_64"/>
    <property name="java.vm.specification.name" value="Java Virtual Machine Specification"/>
    <property name="java.library.path" value="/Users/tatiana/Library/Java/Extensions:/Library/Java/Extensions:/Network/Library/Java/Extensions:/System/Library/Java/Extensions:/usr/lib/java:."/>
    <property name="java.vm.info" value="mixed mode, sharing"/>
    <property name="java.vendor" value="N/A"/>
    <property name="java.vm.version" value="13.0.2+8"/>
    <property name="sun.io.unicode.encoding" value="UnicodeBig"/>
    <property name="socksNonProxyHosts" value="local|*.local|169.254/16|*.169.254/16"/>
    <property name="java.class.version" value="57.0"/>
  </properties>
  <testcase name="openHomePage" classname="tests.HomePageTest" time="5.713"/>
</testsuite>